<?xml version="1.0" encoding="UTF-8"?>
<!-- Generated by org.testng.reporters.JUnitReportReporter -->
<testsuite hostname="DESKTOP-CHHKPOP" failures="0" tests="1" name="testpkg.Logintest" time="70.820" errors="0" timestamp="2024-12-10T20:16:17 IST" skipped="0">
  <testcase classname="testpkg.Logintest" name="testing" time="70.820"/>
  <system-out/>
</testsuite> <!-- testpkg.Logintest -->
